Using pre-set license
Built from '2020.3/staging' branch; Version is '2020.3.0f1 (c7b5465681fb) revision 13088070'; Using compiler version '192528614'; Build Type 'Release'
OS: 'Windows 10 Pro for Workstations; OS build 19042.804; Version 2009; 64bit' Language: 'es' Physical Memory: 12168 MB
BatchMode: 1, IsHumanControllingUs: 0, StartBugReporterOnCrash: 0, Is64bit: 1, IsPro: 0

 COMMAND LINE ARGUMENTS:
D:\Programas\UnityHub\Editor\2020.3.0f1\Editor\Unity.exe
-adb2
-batchMode
-noUpm
-name
AssetImportWorker0
-projectPath
C:/Users/Asus/Documents/proyectosUnity/Vuforia
-logFile
Logs/AssetImportWorker0.log
-srvPort
59915
Successfully changed project path to: C:/Users/Asus/Documents/proyectosUnity/Vuforia
C:/Users/Asus/Documents/proyectosUnity/Vuforia
Using Asset Import Pipeline V2.
Refreshing native plugins compatible for Editor in 92.91 ms, found 2 plugins.
Preloading 1 native plugins for Editor in 2.78 ms.
Initialize engine version: 2020.3.0f1 (c7b5465681fb)
[Subsystems] Discovering subsystems at path D:/Programas/UnityHub/Editor/2020.3.0f1/Editor/Data/Resources/UnitySubsystems
[Subsystems] Discovering subsystems at path C:/Users/Asus/Documents/proyectosUnity/Vuforia/Assets
GfxDevice: creating device client; threaded=0
Direct3D:
    Version:  Direct3D 11.0 [level 11.0]
    Renderer: NVIDIA GeForce 940MX (ID=0x134d)
    Vendor:   
    VRAM:     2010 MB
    Driver:   27.21.14.6192
Shader 'PointClouds/PointSplat': fallback shader 'PointClouds/PointSplatLegacy' not found
Initialize mono
Mono path[0] = 'D:/Programas/UnityHub/Editor/2020.3.0f1/Editor/Data/Managed'
Mono path[1] = 'D:/Programas/UnityHub/Editor/2020.3.0f1/Editor/Data/MonoBleedingEdge/lib/mono/unityjit'
Mono config path = 'D:/Programas/UnityHub/Editor/2020.3.0f1/Editor/Data/MonoBleedingEdge/etc'
Using monoOptions --debugger-agent=transport=dt_socket,embedding=1,server=y,suspend=n,address=127.0.0.1:56408
Begin MonoManager ReloadAssembly
Registering precompiled unity dll's ...
Register platform support module: D:/Programas/UnityHub/Editor/2020.3.0f1/Editor/Data/PlaybackEngines/WindowsStandaloneSupport/UnityEditor.WindowsStandalone.Extensions.dll
Registered in 0.002805 seconds.
Native extension for WindowsStandalone target not found
Refreshing native plugins compatible for Editor in 76.44 ms, found 2 plugins.
Preloading 1 native plugins for Editor in 0.08 ms.
Invoked RoslynAnalysisRunner static constructor.
RoslynAnalysisRunner will not be running.
RoslynAnalysisRunner has terminated.
Mono: successfully reloaded assembly
- Completed reload, in  6.271 seconds
Platform modules already initialized, skipping
Registering precompiled user dll's ...
Registered in 0.014422 seconds.
Begin MonoManager ReloadAssembly
Native extension for WindowsStandalone target not found
Refreshing native plugins compatible for Editor in 0.75 ms, found 2 plugins.
Preloading 1 native plugins for Editor in 0.19 ms.
System.NullReferenceException: Object reference not set to an instance of an object
  at Vuforia.EditorClasses.ExtensionTypeProvider.GetVuforiaPackageAbsPath () [0x0004a] in <d3e3611e09164266b01b2e2ee0bae4b4>:0 
  at Vuforia.EditorClasses.ExtensionTypeProvider.IsPackageManager () [0x00000] in <d3e3611e09164266b01b2e2ee0bae4b4>:0 
  at Vuforia.EditorClasses.ExtensionTypeProvider.ResolvePluginType () [0x00009] in <d3e3611e09164266b01b2e2ee0bae4b4>:0 
  at Vuforia.EditorClasses.ExtensionTypeProvider.GetPluginType () [0x0000c] in <d3e3611e09164266b01b2e2ee0bae4b4>:0 
  at Vuforia.EditorClasses.VuforiaUtilities.IsVuforiaEnabledInPlayerSettings () [0x00000] in <d3e3611e09164266b01b2e2ee0bae4b4>:0 
  at VuforiaEnabledObserver..cctor () [0x00000] in <d3e3611e09164266b01b2e2ee0bae4b4>:0 
UnityEngine.StackTraceUtility:ExtractStackTrace ()
UnityEngine.DebugLogHandler:LogFormat (UnityEngine.LogType,UnityEngine.Object,string,object[])
UnityEngine.Logger:Log (UnityEngine.LogType,object)
UnityEngine.Debug:LogError (object)
UnityEditor.EditorAssemblies:ProcessInitializeOnLoadAttributes (System.Type[])

System.NullReferenceException: Object reference not set to an instance of an object
  at Vuforia.EditorClasses.ExtensionTypeProvider.GetVuforiaPackageAbsPath () [0x0004a] in <d3e3611e09164266b01b2e2ee0bae4b4>:0 
  at Vuforia.EditorClasses.ExtensionTypeProvider.IsPackageManager () [0x00000] in <d3e3611e09164266b01b2e2ee0bae4b4>:0 
  at Vuforia.EditorClasses.ExtensionTypeProvider.ResolvePluginType () [0x00009] in <d3e3611e09164266b01b2e2ee0bae4b4>:0 
  at Vuforia.EditorClasses.ExtensionTypeProvider.GetPluginType () [0x0000c] in <d3e3611e09164266b01b2e2ee0bae4b4>:0 
  at Vuforia.EditorClasses.VuforiaUtilities.IsVuforiaEnabledInPlayerSettings () [0x00000] in <d3e3611e09164266b01b2e2ee0bae4b4>:0 
  at Vuforia.EditorClasses.InitializeOnLoadVuforiaTaskRunner..cctor () [0x00015] in <d3e3611e09164266b01b2e2ee0bae4b4>:0 
UnityEngine.StackTraceUtility:ExtractStackTrace ()
UnityEngine.DebugLogHandler:LogFormat (UnityEngine.LogType,UnityEngine.Object,string,object[])
UnityEngine.Logger:Log (UnityEngine.LogType,object)
UnityEngine.Debug:LogError (object)
UnityEditor.EditorAssemblies:ProcessInitializeOnLoadAttributes (System.Type[])

Invoked RoslynAnalysisRunner static constructor.
RoslynAnalysisRunner will not be running.
RoslynAnalysisRunner has terminated.
Mono: successfully reloaded assembly
- Completed reload, in  2.793 seconds
Platform modules already initialized, skipping
========================================================================
Worker process is ready to serve import requests
Shader 'PointClouds/PointSplat': fallback shader 'PointClouds/PointSplatLegacy' not found
Launched and connected shader compiler UnityShaderCompiler.exe after 0.14 seconds
Refreshing native plugins compatible for Editor in 1.25 ms, found 2 plugins.
Preloading 1 native plugins for Editor in 0.12 ms.
Unloading 1160 Unused Serialized files (Serialized files now loaded: 0)
System memory in use before: 60.9 MB.
System memory in use after: 60.9 MB.

Unloading 38 unused Assets to reduce memory usage. Loaded Objects now: 1857.
Total: 6.278500 ms (FindLiveObjects: 0.351600 ms CreateObjectMapping: 0.161200 ms MarkObjects: 5.409800 ms  DeleteObjects: 0.267500 ms)

========================================================================
Received Import Request.
  path: Assets/Resources/VuforiaConfiguration.asset
  artifactKey: Guid(f480857bbcedc254e811abededdb468f) Importer(815301076,1909f56bfc062723c751e8b465ee728b)
Start importing Assets/Resources/VuforiaConfiguration.asset using Guid(f480857bbcedc254e811abededdb468f) Importer(815301076,1909f56bfc062723c751e8b465ee728b)  -> (artifact id: '4617426cb117a83ad000dd1057a5bbf7') in 0.335477 seconds
  Import took 0.341169 seconds .

========================================================================
Received Import Request.
  Time since last request: 64.179334 seconds.
  path: Assets/Editor
  artifactKey: Guid(ae38e971586743e4781dcfb8c04152c3) Importer(815301076,1909f56bfc062723c751e8b465ee728b)
Start importing Assets/Editor using Guid(ae38e971586743e4781dcfb8c04152c3) Importer(815301076,1909f56bfc062723c751e8b465ee728b)  -> (artifact id: 'aae463c09df722418080101fefdadbbc') in 0.005967 seconds
  Import took 0.012871 seconds .

========================================================================
Received Import Request.
  Time since last request: 0.029908 seconds.
  path: Assets/Editor
  artifactKey: Guid(ae38e971586743e4781dcfb8c04152c3) Importer(815301076,1909f56bfc062723c751e8b465ee728b)
Start importing Assets/Editor using Guid(ae38e971586743e4781dcfb8c04152c3) Importer(815301076,1909f56bfc062723c751e8b465ee728b)  -> (artifact id: 'aae463c09df722418080101fefdadbbc') in 0.006849 seconds
  Import took 0.013137 seconds .

========================================================================
Received Import Request.
  Time since last request: 0.769953 seconds.
  path: Assets/Editor/Vuforia
  artifactKey: Guid(c15ba24f24a3b424889a0777af30363c) Importer(815301076,1909f56bfc062723c751e8b465ee728b)
Start importing Assets/Editor/Vuforia using Guid(c15ba24f24a3b424889a0777af30363c) Importer(815301076,1909f56bfc062723c751e8b465ee728b)  -> (artifact id: '736e3d76b0f5cffd0b732d4b31637f3c') in 0.005421 seconds
  Import took 0.011676 seconds .

========================================================================
Received Import Request.
  Time since last request: 0.803496 seconds.
  path: Assets/Editor/Vuforia/ImageTargetTextures
  artifactKey: Guid(9d48db66656f89742b9c49c59b06d652) Importer(815301076,1909f56bfc062723c751e8b465ee728b)
Start importing Assets/Editor/Vuforia/ImageTargetTextures using Guid(9d48db66656f89742b9c49c59b06d652) Importer(815301076,1909f56bfc062723c751e8b465ee728b)  -> (artifact id: '11d35a9b2a5d9254f355f5b085b05824') in 0.005214 seconds
  Import took 0.011691 seconds .

========================================================================
Received Import Request.
  Time since last request: 0.667533 seconds.
  path: Assets/Editor/Vuforia/ImageTargetTextures/ARdata
  artifactKey: Guid(f6c7dc24477d36f4986ac7ff7b05982c) Importer(815301076,1909f56bfc062723c751e8b465ee728b)
Start importing Assets/Editor/Vuforia/ImageTargetTextures/ARdata using Guid(f6c7dc24477d36f4986ac7ff7b05982c) Importer(815301076,1909f56bfc062723c751e8b465ee728b)  -> (artifact id: 'b079232fd53b163159446575d37f0078') in 0.082417 seconds
  Import took 0.091373 seconds .

========================================================================
Received Import Request.
  Time since last request: 0.084008 seconds.
  path: Assets/Editor/Vuforia/ImageTargetTextures/ARdata/marcaVuforia_scaled.jpg
  artifactKey: Guid(87722d30fd144d968a198d0ab7c5aebf) Importer(815301076,1909f56bfc062723c751e8b465ee728b)
Start importing Assets/Editor/Vuforia/ImageTargetTextures/ARdata/marcaVuforia_scaled.jpg using Guid(87722d30fd144d968a198d0ab7c5aebf) Importer(815301076,1909f56bfc062723c751e8b465ee728b)  -> (artifact id: '8616a8833d1d8a69dd7fdc88836d2959') in 0.436424 seconds
  Import took 0.445938 seconds .

========================================================================
Received Import Request.
  Time since last request: 11.914837 seconds.
  path: Assets/Editor/Vuforia/ImageTargetTextures/ARdata/marcaVuforia_scaled.jpg
  artifactKey: Guid(87722d30fd144d968a198d0ab7c5aebf) Importer(815301076,1909f56bfc062723c751e8b465ee728b)
Start importing Assets/Editor/Vuforia/ImageTargetTextures/ARdata/marcaVuforia_scaled.jpg using Guid(87722d30fd144d968a198d0ab7c5aebf) Importer(815301076,1909f56bfc062723c751e8b465ee728b)  -> (artifact id: '412806cd2d546212c4bf37da784b8327') in 0.046552 seconds
  Import took 0.051695 seconds .

========================================================================
Received Prepare
Registering precompiled user dll's ...
Registered in 0.008337 seconds.
Begin MonoManager ReloadAssembly
Native extension for WindowsStandalone target not found
Refreshing native plugins compatible for Editor in 0.99 ms, found 2 plugins.
Preloading 1 native plugins for Editor in 0.11 ms.
System.NullReferenceException: Object reference not set to an instance of an object
  at Vuforia.EditorClasses.ExtensionTypeProvider.GetVuforiaPackageAbsPath () [0x0004a] in <d3e3611e09164266b01b2e2ee0bae4b4>:0 
  at Vuforia.EditorClasses.ExtensionTypeProvider.IsPackageManager () [0x00000] in <d3e3611e09164266b01b2e2ee0bae4b4>:0 
  at Vuforia.EditorClasses.ExtensionTypeProvider.ResolvePluginType () [0x00009] in <d3e3611e09164266b01b2e2ee0bae4b4>:0 
  at Vuforia.EditorClasses.ExtensionTypeProvider.GetPluginType () [0x0000c] in <d3e3611e09164266b01b2e2ee0bae4b4>:0 
  at Vuforia.EditorClasses.VuforiaUtilities.IsVuforiaEnabledInPlayerSettings () [0x00000] in <d3e3611e09164266b01b2e2ee0bae4b4>:0 
  at VuforiaEnabledObserver..cctor () [0x00000] in <d3e3611e09164266b01b2e2ee0bae4b4>:0 
UnityEngine.StackTraceUtility:ExtractStackTrace ()
UnityEngine.DebugLogHandler:LogFormat (UnityEngine.LogType,UnityEngine.Object,string,object[])
UnityEngine.Logger:Log (UnityEngine.LogType,object)
UnityEngine.Debug:LogError (object)
UnityEditor.EditorAssemblies:ProcessInitializeOnLoadAttributes (System.Type[])

System.NullReferenceException: Object reference not set to an instance of an object
  at Vuforia.EditorClasses.ExtensionTypeProvider.GetVuforiaPackageAbsPath () [0x0004a] in <d3e3611e09164266b01b2e2ee0bae4b4>:0 
  at Vuforia.EditorClasses.ExtensionTypeProvider.IsPackageManager () [0x00000] in <d3e3611e09164266b01b2e2ee0bae4b4>:0 
  at Vuforia.EditorClasses.ExtensionTypeProvider.ResolvePluginType () [0x00009] in <d3e3611e09164266b01b2e2ee0bae4b4>:0 
  at Vuforia.EditorClasses.ExtensionTypeProvider.GetPluginType () [0x0000c] in <d3e3611e09164266b01b2e2ee0bae4b4>:0 
  at Vuforia.EditorClasses.VuforiaUtilities.IsVuforiaEnabledInPlayerSettings () [0x00000] in <d3e3611e09164266b01b2e2ee0bae4b4>:0 
  at Vuforia.EditorClasses.InitializeOnLoadVuforiaTaskRunner..cctor () [0x00015] in <d3e3611e09164266b01b2e2ee0bae4b4>:0 
UnityEngine.StackTraceUtility:ExtractStackTrace ()
UnityEngine.DebugLogHandler:LogFormat (UnityEngine.LogType,UnityEngine.Object,string,object[])
UnityEngine.Logger:Log (UnityEngine.LogType,object)
UnityEngine.Debug:LogError (object)
UnityEditor.EditorAssemblies:ProcessInitializeOnLoadAttributes (System.Type[])

Invoked RoslynAnalysisRunner static constructor.
RoslynAnalysisRunner will not be running.
RoslynAnalysisRunner has terminated.
Mono: successfully reloaded assembly
- Completed reload, in  1.914 seconds
Platform modules already initialized, skipping
Switching build target platform(5) subTarget(0) extendedPlatform(0) -> platform(13) subTarget(537395200) extendedPlatform(0)
Shader 'PointClouds/PointSplat': fallback shader 'PointClouds/PointSplatLegacy' not found
Refreshing native plugins compatible for Editor in 1.71 ms, found 2 plugins.
Preloading 1 native plugins for Editor in 0.21 ms.
Unloading 1148 Unused Serialized files (Serialized files now loaded: 0)
System memory in use before: 59.9 MB.
System memory in use after: 59.9 MB.

Unloading 34 unused Assets to reduce memory usage. Loaded Objects now: 1862.
Total: 6.070200 ms (FindLiveObjects: 0.908200 ms CreateObjectMapping: 0.213500 ms MarkObjects: 4.702900 ms  DeleteObjects: 0.241300 ms)

AssetImportParameters requested are different than current active one (requested -> active):
  custom:graphics/normal-map-encoding: 01000000000000000000000000000000 -> 02000000000000000000000000000000
========================================================================
Received Prepare
Shader 'PointClouds/PointSplat': fallback shader 'PointClouds/PointSplatLegacy' not found
Refreshing native plugins compatible for Editor in 26.70 ms, found 2 plugins.
Preloading 1 native plugins for Editor in 0.07 ms.
Unloading 31 Unused Serialized files (Serialized files now loaded: 0)
System memory in use before: 37.7 MB.
System memory in use after: 37.8 MB.

Unloading 31 unused Assets to reduce memory usage. Loaded Objects now: 1862.
Total: 6.943800 ms (FindLiveObjects: 0.754500 ms CreateObjectMapping: 0.340900 ms MarkObjects: 5.633700 ms  DeleteObjects: 0.207700 ms)

========================================================================
Received Import Request.
  Time since last request: 228.075698 seconds.
  path: Assets/Editor/Vuforia/ImageTargetTextures/ARdata/marcaVuforia_scaled.jpg
  artifactKey: Guid(87722d30fd144d968a198d0ab7c5aebf) Importer(815301076,1909f56bfc062723c751e8b465ee728b)
Start importing Assets/Editor/Vuforia/ImageTargetTextures/ARdata/marcaVuforia_scaled.jpg using Guid(87722d30fd144d968a198d0ab7c5aebf) Importer(815301076,1909f56bfc062723c751e8b465ee728b)  -> (artifact id: '26887cb0a8b8beb356974e4a06ed70bf') in 0.092122 seconds
  Import took 0.096432 seconds .

========================================================================
Received Import Request.
  Time since last request: 44.890563 seconds.
  path: Assets/Editor/Vuforia/ImageTargetTextures/ARdata/Cube.prefab
  artifactKey: Guid(6e5c6b0b51af42148bc5cfa978e4b737) Importer(815301076,1909f56bfc062723c751e8b465ee728b)
Start importing Assets/Editor/Vuforia/ImageTargetTextures/ARdata/Cube.prefab using Guid(6e5c6b0b51af42148bc5cfa978e4b737) Importer(815301076,1909f56bfc062723c751e8b465ee728b)  -> (artifact id: 'd321367c5640fa17091b75db7f118615') in 0.210047 seconds
  Import took 0.214157 seconds .

========================================================================
Received Prepare
Shader 'PointClouds/PointSplat': fallback shader 'PointClouds/PointSplatLegacy' not found
Refreshing native plugins compatible for Editor in 10.30 ms, found 2 plugins.
Preloading 1 native plugins for Editor in 0.05 ms.
Unloading 31 Unused Serialized files (Serialized files now loaded: 0)
System memory in use before: 41.1 MB.
System memory in use after: 41.2 MB.

Unloading 32 unused Assets to reduce memory usage. Loaded Objects now: 1869.
Total: 4.628000 ms (FindLiveObjects: 1.110800 ms CreateObjectMapping: 0.124200 ms MarkObjects: 3.274700 ms  DeleteObjects: 0.116100 ms)

========================================================================
Received Prepare
Shader 'PointClouds/PointSplat': fallback shader 'PointClouds/PointSplatLegacy' not found
Refreshing native plugins compatible for Editor in 11.08 ms, found 2 plugins.
Preloading 1 native plugins for Editor in 0.05 ms.
Unloading 31 Unused Serialized files (Serialized files now loaded: 0)
System memory in use before: 41.1 MB.
System memory in use after: 41.2 MB.

Unloading 31 unused Assets to reduce memory usage. Loaded Objects now: 1869.
Total: 3.209600 ms (FindLiveObjects: 0.228400 ms CreateObjectMapping: 0.060900 ms MarkObjects: 2.850200 ms  DeleteObjects: 0.068000 ms)

AssetImportWorkerClient::OnTransportError - code=2 error=End of file
